<?xml version='1.0'?>
<ns2:test-suite xmlns:ns2='urn:model.allure.qatools.yandex.ru' start='1622280949237' stop='1622280957959'>
    <name>Searching for full text:</name>
    <title>Searching for full text:</title>
    <test-cases>
        <test-case start='1622280950414' status='failed' stop='1622280957322'>
            <name>test full search</name>
            <title>test full search</title>
            <labels/>
            <parameters/>
            <steps>
                <step start='1622280950429' status='passed' stop='1622280956564'>
                    <name>I am on page "/"</name>
                    <title>I am on page "/"</title>
                    <attachments/>
                    <steps/>
                </step>
                <step start='1622280956564' status='passed' stop='1622280956817'>
                    <name>I click "$button-header-search"</name>
                    <title>I click "$button-header-search"</title>
                    <attachments/>
                    <steps/>
                </step>
                <step start='1622280956818' status='passed' stop='1622280957032'>
                    <name>I fill field "find psychics...", "Matt"</name>
                    <title>I fill field "find psychics...", "Matt"</title>
                    <attachments/>
                    <steps/>
                </step>
                <step start='1622280957032' status='passed' stop='1622280957287'>
                    <name>I wait for element "$search-result-list", 20</name>
                    <title>I wait for element "$search-result-list", 20</title>
                    <attachments/>
                    <steps/>
                </step>
                <step start='1622280957289' status='passed' stop='1622280957320'>
                    <name>I grab text from all {"css":"[data-testid=\"search-result-list\"] > div"}</name>
                    <title>I grab text from all {"css":"[data-testid=\"search-result-list\"] > div"}</title>
                    <attachments/>
                    <steps/>
                </step>
            </steps>
            <attachments>
                <attachment title='Last Seen Screenshot' source='32e13cc9-6af1-472b-9221-9c1dadf4cffe-attachment.png' type='image/png' size='1069634'/>
            </attachments>
            <failure>
                <message>The "string" argument must be of type string. Received type object ([])</message>
                <stack-trace>AssertionError [ERR_ASSERTION]: The "string" argument must be of type string. Received type object ([])
                    at Test.&lt;anonymous> (/Users/tetianaafanasieva/Desktop/Oranum/req2_test.js:13:12)</stack-trace>
            </failure>
        </test-case>
    </test-cases>
</ns2:test-suite>