<?xml version='1.0'?>
<ns2:test-suite xmlns:ns2='urn:model.allure.qatools.yandex.ru' start='1622278864304' stop='1622278872761'>
    <name>Searching for full text:</name>
    <title>Searching for full text:</title>
    <test-cases>
        <test-case start='1622278865350' status='failed' stop='1622278872084'>
            <name>test full search</name>
            <title>test full search</title>
            <labels/>
            <parameters/>
            <steps>
                <step start='1622278865365' status='passed' stop='1622278871587'>
                    <name>I am on page "/"</name>
                    <title>I am on page "/"</title>
                    <attachments/>
                    <steps/>
                </step>
                <step start='1622278871588' status='passed' stop='1622278871802'>
                    <name>I click "$button-header-search"</name>
                    <title>I click "$button-header-search"</title>
                    <attachments/>
                    <steps/>
                </step>
                <step start='1622278871802' status='passed' stop='1622278872019'>
                    <name>I fill field "find psychics...", "Matt"</name>
                    <title>I fill field "find psychics...", "Matt"</title>
                    <attachments/>
                    <steps/>
                </step>
                <step start='1622278872019' status='passed' stop='1622278872081'>
                    <name>I grab text from all "$search-result-list"</name>
                    <title>I grab text from all "$search-result-list"</title>
                    <attachments/>
                    <steps/>
                </step>
            </steps>
            <attachments>
                <attachment title='Last Seen Screenshot' source='755b5862-b323-4644-b676-ae09cff89d4b-attachment.png' type='image/png' size='1124116'/>
            </attachments>
            <failure>
                <message>The "string" argument must be of type string. Received type object ([])</message>
                <stack-trace>AssertionError [ERR_ASSERTION]: The "string" argument must be of type string. Received type object ([])
                    at Test.&lt;anonymous> (/Users/tetianaafanasieva/Desktop/Oranum/req2_test.js:12:12)</stack-trace>
            </failure>
        </test-case>
    </test-cases>
</ns2:test-suite>