<?xml version='1.0'?>
<ns2:test-suite xmlns:ns2='urn:model.allure.qatools.yandex.ru' start='1622279182049' stop='1622279189889'>
    <name>Searching for full text:</name>
    <title>Searching for full text:</title>
    <test-cases>
        <test-case start='1622279183101' status='failed' stop='1622279189630'>
            <name>test full search</name>
            <title>test full search</title>
            <labels/>
            <parameters/>
            <steps>
                <step start='1622279183115' status='passed' stop='1622279189107'>
                    <name>I am on page "/"</name>
                    <title>I am on page "/"</title>
                    <attachments/>
                    <steps/>
                </step>
                <step start='1622279189107' status='passed' stop='1622279189347'>
                    <name>I click "$button-header-search"</name>
                    <title>I click "$button-header-search"</title>
                    <attachments/>
                    <steps/>
                </step>
                <step start='1622279189347' status='passed' stop='1622279189567'>
                    <name>I fill field "find psychics...", "Matt"</name>
                    <title>I fill field "find psychics...", "Matt"</title>
                    <attachments/>
                    <steps/>
                </step>
                <step start='1622279189567' status='passed' stop='1622279189628'>
                    <name>I grab text from all {"css":"[data-testid=\"search-result-list\"]"}</name>
                    <title>I grab text from all {"css":"[data-testid=\"search-result-list\"]"}</title>
                    <attachments/>
                    <steps/>
                </step>
            </steps>
            <attachments>
                <attachment title='Last Seen Screenshot' source='15a22797-5b7e-4065-a5a9-899183bee89a-attachment.png' type='image/png' size='65183'/>
            </attachments>
            <failure>
                <message>The "string" argument must be of type string. Received type object ([])</message>
                <stack-trace>AssertionError [ERR_ASSERTION]: The "string" argument must be of type string. Received type object ([])
                    at Test.&lt;anonymous> (/Users/tetianaafanasieva/Desktop/Oranum/req2_test.js:12:12)</stack-trace>
            </failure>
        </test-case>
    </test-cases>
</ns2:test-suite>