<?xml version='1.0'?>
<ns2:test-suite xmlns:ns2='urn:model.allure.qatools.yandex.ru' start='1622279144427' stop='1622279152436'>
    <name>Searching for full text:</name>
    <title>Searching for full text:</title>
    <test-cases>
        <test-case start='1622279145407' status='failed' stop='1622279151832'>
            <name>test full search</name>
            <title>test full search</title>
            <labels/>
            <parameters/>
            <steps>
                <step start='1622279145422' status='passed' stop='1622279151317'>
                    <name>I am on page "/"</name>
                    <title>I am on page "/"</title>
                    <attachments/>
                    <steps/>
                </step>
                <step start='1622279151317' status='passed' stop='1622279151554'>
                    <name>I click "$button-header-search"</name>
                    <title>I click "$button-header-search"</title>
                    <attachments/>
                    <steps/>
                </step>
                <step start='1622279151555' status='passed' stop='1622279151763'>
                    <name>I fill field "find psychics...", "Matt"</name>
                    <title>I fill field "find psychics...", "Matt"</title>
                    <attachments/>
                    <steps/>
                </step>
                <step start='1622279151763' status='passed' stop='1622279151829'>
                    <name>I grab text from all "[data-testid="search-result-list"]"</name>
                    <title>I grab text from all "[data-testid="search-result-list"]"</title>
                    <attachments/>
                    <steps/>
                </step>
            </steps>
            <attachments>
                <attachment title='Last Seen Screenshot' source='3007758b-4523-481a-b27d-5c96105bcb6a-attachment.png' type='image/png' size='828372'/>
            </attachments>
            <failure>
                <message>The "string" argument must be of type string. Received type object ([])</message>
                <stack-trace>AssertionError [ERR_ASSERTION]: The "string" argument must be of type string. Received type object ([])
                    at Test.&lt;anonymous> (/Users/tetianaafanasieva/Desktop/Oranum/req2_test.js:12:12)</stack-trace>
            </failure>
        </test-case>
    </test-cases>
</ns2:test-suite>