<?xml version='1.0'?>
<ns2:test-suite xmlns:ns2='urn:model.allure.qatools.yandex.ru' start='1622277688516' stop='1622277696908'>
    <name>Searching for full text:</name>
    <title>Searching for full text:</title>
    <test-cases>
        <test-case start='1622277689454' status='failed' stop='1622277696265'>
            <name>test full search</name>
            <title>test full search</title>
            <labels/>
            <parameters/>
            <steps>
                <step start='1622277689469' status='passed' stop='1622277695511'>
                    <name>I am on page "/"</name>
                    <title>I am on page "/"</title>
                    <attachments/>
                    <steps/>
                </step>
                <step start='1622277695511' status='passed' stop='1622277695723'>
                    <name>I click "$button-header-search"</name>
                    <title>I click "$button-header-search"</title>
                    <attachments/>
                    <steps/>
                </step>
                <step start='1622277695723' status='passed' stop='1622277695937'>
                    <name>I fill field "find psychics...", "Matt"</name>
                    <title>I fill field "find psychics...", "Matt"</title>
                    <attachments/>
                    <steps/>
                </step>
                <step start='1622277695937' status='passed' stop='1622277696261'>
                    <name>I grab text from "$search-result-list"</name>
                    <title>I grab text from "$search-result-list"</title>
                    <attachments/>
                    <steps/>
                </step>
            </steps>
            <attachments>
                <attachment title='Last Seen Screenshot' source='988260ae-76ee-4877-b399-f54b04172f15-attachment.png' type='image/png' size='1183400'/>
            </attachments>
            <failure>
                <message>The input did not match the regular expression /matt/. Input:
                
                'MattWarrenMatthiasWan'
                </message>
                <stack-trace>AssertionError [ERR_ASSERTION]: The input did not match the regular expression /matt/. Input:
                
                'MattWarrenMatthiasWan'
                
                    at Test.&lt;anonymous> (/Users/tetianaafanasieva/Desktop/Oranum/req2_test.js:11:12)</stack-trace>
            </failure>
        </test-case>
    </test-cases>
</ns2:test-suite>